Arguments: 
  /usr/bin/node /usr/bin/yarn test

PATH: 
  /home/dax/.nix-profile/bin:/nix/var/nix/profiles/default/bin:/home/dax/.nix-profile/bin:/nix/var/nix/profiles/default/bin:/home/dax/.cargo/bin:/home/dax/.nix-profile/bin:/nix/var/nix/profiles/default/bin:/opt/google-cloud-sdk/bin:/usr/local/sbin:/usr/local/bin:/usr/bin:/opt/android-sdk/platform-tools:/home/dax/.dotnet/tools:/usr/lib/jvm/default/bin:/usr/bin/site_perl:/usr/bin/vendor_perl:/usr/bin/core_perl:/home/dax/.npm/bin:/home/dax/.yarn/bin:/home/dax/.local/bin:/home/dax/dev/bin:/home/dax/dev/boom:/home/dax/.okta/bin:/home/thdxr/.fzf/bin:/home/dax/.npm/bin:/home/dax/.yarn/bin:/home/dax/.local/bin:/home/dax/dev/bin:/home/dax/dev/boom:/home/dax/.okta/bin:/home/dax/.npm/bin:/home/dax/.yarn/bin:/home/dax/.local/bin:/home/dax/dev/bin:/home/dax/dev/boom:/home/dax/.okta/bin

Yarn version: 
  1.22.11

Node version: 
  16.4.2

Platform: 
  linux x64

Trace: 
  SyntaxError: /home/thdxr/dev/projects/sst/serverless-stack/examples/typescript-starter/backend/package.json: Unexpected token } in JSON at position 88
      at JSON.parse (<anonymous>)
      at /usr/lib/node_modules/yarn/lib/cli.js:1625:59
      at Generator.next (<anonymous>)
      at step (/usr/lib/node_modules/yarn/lib/cli.js:310:30)
      at /usr/lib/node_modules/yarn/lib/cli.js:321:13

npm manifest: 
  {
    "name": "@acme/backend",
    "version": "0.0.1",
    "scripts": {
      "test": "jest",
    },
    "dependencies": {
      "@types/aws-lambda": "^8.10.83"
    },
    "devDependencies": {
      "esbuild-runner": "^2.2.1",
      "jest": "^27.2.0"
    }
  }

yarn manifest: 
  No manifest

Lockfile: 
  No lockfile
